# JRE version: OpenJDK Runtime Environment Temurin-21.0.6+7 (21.0.6+7) (build 21.0.6+7-LTS)
# Java VM: OpenJDK 64-Bit Server VM Temurin-21.0.6+7 (21.0.6+7-LTS, mixed mode, sharing, tiered, compressed oops, compressed class ptrs, parallel gc, windows-amd64)
GC Precious Log:
 CardTable entry size: 512
 CPUs: 12 total, 12 available
 Memory: 16321M
 Large Page Support: Disabled
 NUMA Support: Disabled
 Compressed Oops: Enabled (32-bit)
 Alignments: Space 512K, Generation 512K, Heap 2M
 Heap Min Capacity: 100M
 Heap Initial Capacity: 100M
 Heap Max Capacity: 1G
 Pre-touch: Disabled
 Parallel Workers: 10
Heap:
 PSYoungGen      total 13824K, used 13794K [0x00000000eab00000, 0x00000000ebf80000, 0x0000000100000000)
  eden space 11776K, 100% used [0x00000000eab00000,0x00000000eb680000,0x00000000eb680000)
  from space 2048K, 98% used [0x00000000eb680000,0x00000000eb878af8,0x00000000eb880000)
  to   space 4608K, 28% used [0x00000000ebb00000,0x00000000ebc47618,0x00000000ebf80000)
 ParOldGen       total 106496K, used 106272K [0x00000000c0000000, 0x00000000c6800000, 0x00000000eab00000)
  object space 106496K, 99% used [0x00000000c0000000,0x00000000c67d15b0,0x00000000c6800000)
 Metaspace       used 57490K, committed 58688K, reserved 1114112K
  class space    used 5991K, committed 6528K, reserved 1048576K
GC Heap History (20 events):
Event: 16.445 GC heap before
{Heap before GC invocations=47 (full 2):
 PSYoungGen      total 15360K, used 15019K [0x00000000eab00000, 0x00000000ebc80000, 0x0000000100000000)
  eden space 12800K, 100% used [0x00000000eab00000,0x00000000eb780000,0x00000000eb780000)
  from space 2560K, 86% used [0x00000000eba00000,0x00000000ebc2aef8,0x00000000ebc80000)
  to   space 2560K, 0% used [0x00000000eb780000,0x00000000eb780000,0x00000000eba00000)
 ParOldGen       total 82432K, used 82229K [0x00000000c0000000, 0x00000000c5080000, 0x00000000eab00000)
  object space 82432K, 99% used [0x00000000c0000000,0x00000000c504d5a8,0x00000000c5080000)
 Metaspace       used 52680K, committed 53888K, reserved 1114112K
  class space    used 5568K, committed 6080K, reserved 1048576K
}
Event: 16.447 GC heap after
{Heap after GC invocations=47 (full 2):
 PSYoungGen      total 15360K, used 2163K [0x00000000eab00000, 0x00000000ebc80000, 0x0000000100000000)
  eden space 12800K, 0% used [0x00000000eab00000,0x00000000eab00000,0x00000000eb780000)
  from space 2560K, 84% used [0x00000000eb780000,0x00000000eb99ce90,0x00000000eba00000)
  to   space 2560K, 0% used [0x00000000eba00000,0x00000000eba00000,0x00000000ebc80000)
 ParOldGen       total 84480K, used 84282K [0x00000000c0000000, 0x00000000c5280000, 0x00000000eab00000)
  object space 84480K, 99% used [0x00000000c0000000,0x00000000c524e948,0x00000000c5280000)
 Metaspace       used 52680K, committed 53888K, reserved 1114112K
  class space    used 5568K, committed 6080K, reserved 1048576K
}
Event: 16.658 GC heap before
{Heap before GC invocations=48 (full 2):
 PSYoungGen      total 15360K, used 14963K [0x00000000eab00000, 0x00000000ebc80000, 0x0000000100000000)
  eden space 12800K, 100% used [0x00000000eab00000,0x00000000eb780000,0x00000000eb780000)
  from space 2560K, 84% used [0x00000000eb780000,0x00000000eb99ce90,0x00000000eba00000)
  to   space 2560K, 0% used [0x00000000eba00000,0x00000000eba00000,0x00000000ebc80000)
 ParOldGen       total 84480K, used 84282K [0x00000000c0000000, 0x00000000c5280000, 0x00000000eab00000)
  object space 84480K, 99% used [0x00000000c0000000,0x00000000c524e948,0x00000000c5280000)
 Metaspace       used 53112K, committed 54272K, reserved 1114112K
  class space    used 5605K, committed 6080K, reserved 1048576K
}
Event: 16.660 GC heap after
{Heap after GC invocations=48 (full 2):
 PSYoungGen      total 14336K, used 1440K [0x00000000eab00000, 0x00000000ebb80000, 0x0000000100000000)
  eden space 12800K, 0% used [0x00000000eab00000,0x00000000eab00000,0x00000000eb780000)
  from space 1536K, 93% used [0x00000000eba00000,0x00000000ebb68000,0x00000000ebb80000)
  to   space 2048K, 0% used [0x00000000eb780000,0x00000000eb780000,0x00000000eb980000)
 ParOldGen       total 86528K, used 86343K [0x00000000c0000000, 0x00000000c5480000, 0x00000000eab00000)
  object space 86528K, 99% used [0x00000000c0000000,0x00000000c5451e88,0x00000000c5480000)
 Metaspace       used 53112K, committed 54272K, reserved 1114112K
  class space    used 5605K, committed 6080K, reserved 1048576K
}
Event: 16.753 GC heap before
{Heap before GC invocations=49 (full 2):
 PSYoungGen      total 14336K, used 14240K [0x00000000eab00000, 0x00000000ebb80000, 0x0000000100000000)
  eden space 12800K, 100% used [0x00000000eab00000,0x00000000eb780000,0x00000000eb780000)
  from space 1536K, 93% used [0x00000000eba00000,0x00000000ebb68000,0x00000000ebb80000)
  to   space 2048K, 0% used [0x00000000eb780000,0x00000000eb780000,0x00000000eb980000)
 ParOldGen       total 86528K, used 86343K [0x00000000c0000000, 0x00000000c5480000, 0x00000000eab00000)
  object space 86528K, 99% used [0x00000000c0000000,0x00000000c5451e88,0x00000000c5480000)
 Metaspace       used 53510K, committed 54720K, reserved 1114112K
  class space    used 5633K, committed 6144K, reserved 1048576K
}
Event: 16.755 GC heap after
{Heap after GC invocations=49 (full 2):
 PSYoungGen      total 14848K, used 2020K [0x00000000eab00000, 0x00000000ec180000, 0x0000000100000000)
  eden space 12800K, 0% used [0x00000000eab00000,0x00000000eab00000,0x00000000eb780000)
  from space 2048K, 98% used [0x00000000eb780000,0x00000000eb9793d0,0x00000000eb980000)
  to   space 5120K, 0% used [0x00000000ebc80000,0x00000000ebc80000,0x00000000ec180000)
 ParOldGen       total 89088K, used 88674K [0x00000000c0000000, 0x00000000c5700000, 0x00000000eab00000)
  object space 89088K, 99% used [0x00000000c0000000,0x00000000c5698910,0x00000000c5700000)
 Metaspace       used 53510K, committed 54720K, reserved 1114112K
  class space    used 5633K, committed 6144K, reserved 1048576K
}
Event: 17.097 GC heap before
{Heap before GC invocations=50 (full 2):
 PSYoungGen      total 14848K, used 14820K [0x00000000eab00000, 0x00000000ec180000, 0x0000000100000000)
  eden space 12800K, 100% used [0x00000000eab00000,0x00000000eb780000,0x00000000eb780000)
  from space 2048K, 98% used [0x00000000eb780000,0x00000000eb9793d0,0x00000000eb980000)
  to   space 5120K, 0% used [0x00000000ebc80000,0x00000000ebc80000,0x00000000ec180000)
 ParOldGen       total 89088K, used 88674K [0x00000000c0000000, 0x00000000c5700000, 0x00000000eab00000)
  object space 89088K, 99% used [0x00000000c0000000,0x00000000c5698910,0x00000000c5700000)
 Metaspace       used 54532K, committed 55744K, reserved 1114112K
  class space    used 5704K, committed 6208K, reserved 1048576K
}
Event: 17.099 GC heap after
{Heap after GC invocations=50 (full 2):
 PSYoungGen      total 15872K, used 2851K [0x00000000eab00000, 0x00000000ebf80000, 0x0000000100000000)
  eden space 12800K, 0% used [0x00000000eab00000,0x00000000eab00000,0x00000000eb780000)
  from space 3072K, 92% used [0x00000000ebc80000,0x00000000ebf48ef0,0x00000000ebf80000)
  to   space 3584K, 0% used [0x00000000eb880000,0x00000000eb880000,0x00000000ebc00000)
 ParOldGen       total 91136K, used 90704K [0x00000000c0000000, 0x00000000c5900000, 0x00000000eab00000)
  object space 91136K, 99% used [0x00000000c0000000,0x00000000c58942a0,0x00000000c5900000)
 Metaspace       used 54532K, committed 55744K, reserved 1114112K
  class space    used 5704K, committed 6208K, reserved 1048576K
}
Event: 17.287 GC heap before
{Heap before GC invocations=51 (full 2):
 PSYoungGen      total 15872K, used 15651K [0x00000000eab00000, 0x00000000ebf80000, 0x0000000100000000)
  eden space 12800K, 100% used [0x00000000eab00000,0x00000000eb780000,0x00000000eb780000)
  from space 3072K, 92% used [0x00000000ebc80000,0x00000000ebf48ef0,0x00000000ebf80000)
  to   space 3584K, 0% used [0x00000000eb880000,0x00000000eb880000,0x00000000ebc00000)
 ParOldGen       total 91136K, used 90704K [0x00000000c0000000, 0x00000000c5900000, 0x00000000eab00000)
  object space 91136K, 99% used [0x00000000c0000000,0x00000000c58942a0,0x00000000c5900000)
 Metaspace       used 54987K, committed 56256K, reserved 1114112K
  class space    used 5742K, committed 6272K, reserved 1048576K
}
Event: 17.290 GC heap after
{Heap after GC invocations=51 (full 2):
 PSYoungGen      total 15360K, used 2338K [0x00000000eab00000, 0x00000000ebd80000, 0x0000000100000000)
  eden space 12800K, 0% used [0x00000000eab00000,0x00000000eab00000,0x00000000eb780000)
  from space 2560K, 91% used [0x00000000eb880000,0x00000000ebac8a08,0x00000000ebb00000)
  to   space 2560K, 0% used [0x00000000ebb00000,0x00000000ebb00000,0x00000000ebd80000)
 ParOldGen       total 93696K, used 93409K [0x00000000c0000000, 0x00000000c5b80000, 0x00000000eab00000)
  object space 93696K, 99% used [0x00000000c0000000,0x00000000c5b38530,0x00000000c5b80000)
 Metaspace       used 54987K, committed 56256K, reserved 1114112K
  class space    used 5742K, committed 6272K, reserved 1048576K
}
Event: 17.443 GC heap before
{Heap before GC invocations=52 (full 2):
 PSYoungGen      total 15360K, used 15138K [0x00000000eab00000, 0x00000000ebd80000, 0x0000000100000000)
  eden space 12800K, 100% used [0x00000000eab00000,0x00000000eb780000,0x00000000eb780000)
  from space 2560K, 91% used [0x00000000eb880000,0x00000000ebac8a08,0x00000000ebb00000)
  to   space 2560K, 0% used [0x00000000ebb00000,0x00000000ebb00000,0x00000000ebd80000)
 ParOldGen       total 93696K, used 93409K [0x00000000c0000000, 0x00000000c5b80000, 0x00000000eab00000)
  object space 93696K, 99% used [0x00000000c0000000,0x00000000c5b38530,0x00000000c5b80000)
 Metaspace       used 55591K, committed 56832K, reserved 1114112K
  class space    used 5819K, committed 6336K, reserved 1048576K
}
Event: 17.446 GC heap after
{Heap after GC invocations=52 (full 2):
 PSYoungGen      total 15360K, used 2510K [0x00000000eab00000, 0x00000000ebd80000, 0x0000000100000000)
  eden space 12800K, 0% used [0x00000000eab00000,0x00000000eab00000,0x00000000eb780000)
  from space 2560K, 98% used [0x00000000ebb00000,0x00000000ebd73880,0x00000000ebd80000)
  to   space 2560K, 0% used [0x00000000eb880000,0x00000000eb880000,0x00000000ebb00000)
 ParOldGen       total 95744K, used 95471K [0x00000000c0000000, 0x00000000c5d80000, 0x00000000eab00000)
  object space 95744K, 99% used [0x00000000c0000000,0x00000000c5d3bec8,0x00000000c5d80000)
 Metaspace       used 55591K, committed 56832K, reserved 1114112K
  class space    used 5819K, committed 6336K, reserved 1048576K
}
Event: 17.863 GC heap before
{Heap before GC invocations=53 (full 2):
 PSYoungGen      total 15360K, used 15310K [0x00000000eab00000, 0x00000000ebd80000, 0x0000000100000000)
  eden space 12800K, 100% used [0x00000000eab00000,0x00000000eb780000,0x00000000eb780000)
  from space 2560K, 98% used [0x00000000ebb00000,0x00000000ebd73880,0x00000000ebd80000)
  to   space 2560K, 0% used [0x00000000eb880000,0x00000000eb880000,0x00000000ebb00000)
 ParOldGen       total 95744K, used 95471K [0x00000000c0000000, 0x00000000c5d80000, 0x00000000eab00000)
  object space 95744K, 99% used [0x00000000c0000000,0x00000000c5d3bec8,0x00000000c5d80000)
 Metaspace       used 55976K, committed 57152K, reserved 1114112K
  class space    used 5845K, committed 6336K, reserved 1048576K
}
Event: 17.866 GC heap after
{Heap after GC invocations=53 (full 2):
 PSYoungGen      total 15360K, used 2509K [0x00000000eab00000, 0x00000000ebc80000, 0x0000000100000000)
  eden space 12800K, 0% used [0x00000000eab00000,0x00000000eab00000,0x00000000eb780000)
  from space 2560K, 98% used [0x00000000eb880000,0x00000000ebaf3460,0x00000000ebb00000)
  to   space 1536K, 0% used [0x00000000ebb00000,0x00000000ebb00000,0x00000000ebc80000)
 ParOldGen       total 97792K, used 97749K [0x00000000c0000000, 0x00000000c5f80000, 0x00000000eab00000)
  object space 97792K, 99% used [0x00000000c0000000,0x00000000c5f75490,0x00000000c5f80000)
 Metaspace       used 55976K, committed 57152K, reserved 1114112K
  class space    used 5845K, committed 6336K, reserved 1048576K
}
Event: 18.257 GC heap before
{Heap before GC invocations=54 (full 2):
 PSYoungGen      total 15360K, used 15309K [0x00000000eab00000, 0x00000000ebc80000, 0x0000000100000000)
  eden space 12800K, 100% used [0x00000000eab00000,0x00000000eb780000,0x00000000eb780000)
  from space 2560K, 98% used [0x00000000eb880000,0x00000000ebaf3460,0x00000000ebb00000)
  to   space 1536K, 0% used [0x00000000ebb00000,0x00000000ebb00000,0x00000000ebc80000)
 ParOldGen       total 97792K, used 97749K [0x00000000c0000000, 0x00000000c5f80000, 0x00000000eab00000)
  object space 97792K, 99% used [0x00000000c0000000,0x00000000c5f75490,0x00000000c5f80000)
 Metaspace       used 56626K, committed 57856K, reserved 1114112K
  class space    used 5910K, committed 6400K, reserved 1048576K
}
Event: 18.261 GC heap after
{Heap after GC invocations=54 (full 2):
 PSYoungGen      total 13312K, used 1507K [0x00000000eab00000, 0x00000000ec080000, 0x0000000100000000)
  eden space 11776K, 0% used [0x00000000eab00000,0x00000000eab00000,0x00000000eb680000)
  from space 1536K, 98% used [0x00000000ebb00000,0x00000000ebc78eb0,0x00000000ebc80000)
  to   space 4608K, 0% used [0x00000000eb680000,0x00000000eb680000,0x00000000ebb00000)
 ParOldGen       total 100352K, used 100242K [0x00000000c0000000, 0x00000000c6200000, 0x00000000eab00000)
  object space 100352K, 99% used [0x00000000c0000000,0x00000000c61e49f8,0x00000000c6200000)
 Metaspace       used 56626K, committed 57856K, reserved 1114112K
  class space    used 5910K, committed 6400K, reserved 1048576K
}
Event: 18.600 GC heap before
{Heap before GC invocations=55 (full 2):
 PSYoungGen      total 13312K, used 13282K [0x00000000eab00000, 0x00000000ec080000, 0x0000000100000000)
  eden space 11776K, 99% used [0x00000000eab00000,0x00000000eb67fb18,0x00000000eb680000)
  from space 1536K, 98% used [0x00000000ebb00000,0x00000000ebc78eb0,0x00000000ebc80000)
  to   space 4608K, 0% used [0x00000000eb680000,0x00000000eb680000,0x00000000ebb00000)
 ParOldGen       total 100352K, used 100242K [0x00000000c0000000, 0x00000000c6200000, 0x00000000eab00000)
  object space 100352K, 99% used [0x00000000c0000000,0x00000000c61e49f8,0x00000000c6200000)
 Metaspace       used 57238K, committed 58432K, reserved 1114112K
  class space    used 5986K, committed 6464K, reserved 1048576K
}
Event: 18.603 GC heap after
{Heap after GC invocations=55 (full 2):
 PSYoungGen      total 13824K, used 1645K [0x00000000eab00000, 0x00000000ebb80000, 0x0000000100000000)
  eden space 11776K, 0% used [0x00000000eab00000,0x00000000eab00000,0x00000000eb680000)
  from space 2048K, 80% used [0x00000000eb680000,0x00000000eb81b6d8,0x00000000eb880000)
  to   space 2560K, 0% used [0x00000000eb900000,0x00000000eb900000,0x00000000ebb80000)
 ParOldGen       total 101888K, used 101672K [0x00000000c0000000, 0x00000000c6380000, 0x00000000eab00000)
  object space 101888K, 99% used [0x00000000c0000000,0x00000000c634a178,0x00000000c6380000)
 Metaspace       used 57238K, committed 58432K, reserved 1114112K
  class space    used 5986K, committed 6464K, reserved 1048576K
}
Event: 18.883 GC heap before
{Heap before GC invocations=56 (full 2):
 PSYoungGen      total 13824K, used 13421K [0x00000000eab00000, 0x00000000ebb80000, 0x0000000100000000)
  eden space 11776K, 100% used [0x00000000eab00000,0x00000000eb680000,0x00000000eb680000)
  from space 2048K, 80% used [0x00000000eb680000,0x00000000eb81b6d8,0x00000000eb880000)
  to   space 2560K, 0% used [0x00000000eb900000,0x00000000eb900000,0x00000000ebb80000)
 ParOldGen       total 101888K, used 101672K [0x00000000c0000000, 0x00000000c6380000, 0x00000000eab00000)
  object space 101888K, 99% used [0x00000000c0000000,0x00000000c634a178,0x00000000c6380000)
 Metaspace       used 57450K, committed 58688K, reserved 1114112K
  class space    used 5990K, committed 6528K, reserved 1048576K
}
Event: 18.886 GC heap after
{Heap after GC invocations=56 (full 2):
 PSYoungGen      total 13824K, used 1903K [0x00000000eab00000, 0x00000000ebb00000, 0x0000000100000000)
  eden space 11776K, 0% used [0x00000000eab00000,0x00000000eab00000,0x00000000eb680000)
  from space 2048K, 92% used [0x00000000eb900000,0x00000000ebadbf30,0x00000000ebb00000)
  to   space 2048K, 0% used [0x00000000eb680000,0x00000000eb680000,0x00000000eb880000)
 ParOldGen       total 103424K, used 103029K [0x00000000c0000000, 0x00000000c6500000, 0x00000000eab00000)
  object space 103424K, 99% used [0x00000000c0000000,0x00000000c649d700,0x00000000c6500000)
 Metaspace       used 57450K, committed 58688K, reserved 1114112K
  class space    used 5990K, committed 6528K, reserved 1048576K
}

