# JRE version: OpenJDK Runtime Environment Temurin-21.0.6+7 (21.0.6+7) (build 21.0.6+7-LTS)
# Java VM: OpenJDK 64-Bit Server VM Temurin-21.0.6+7 (21.0.6+7-LTS, mixed mode, sharing, tiered, compressed oops, compressed class ptrs, parallel gc, windows-amd64)
GC Precious Log:
 CardTable entry size: 512
 CPUs: 12 total, 12 available
 Memory: 16321M
 Large Page Support: Disabled
 NUMA Support: Disabled
 Compressed Oops: Enabled (32-bit)
 Alignments: Space 512K, Generation 512K, Heap 2M
 Heap Min Capacity: 100M
 Heap Initial Capacity: 100M
 Heap Max Capacity: 1G
 Pre-touch: Disabled
 Parallel Workers: 10
Heap:
 PSYoungGen      total 4096K, used 3861K [0x00000000eab00000, 0x00000000eb000000, 0x0000000100000000)
  eden space 3072K, 100% used [0x00000000eab00000,0x00000000eae00000,0x00000000eae00000)
  from space 1024K, 77% used [0x00000000eaf00000,0x00000000eafc5578,0x00000000eb000000)
  to   space 1024K, 62% used [0x00000000eae00000,0x00000000eaea0000,0x00000000eaf00000)
 ParOldGen       total 287744K, used 287742K [0x00000000c0000000, 0x00000000d1900000, 0x00000000eab00000)
  object space 287744K, 99% used [0x00000000c0000000,0x00000000d18ff910,0x00000000d1900000)
 Metaspace       used 58163K, committed 59520K, reserved 1114112K
  class space    used 6072K, committed 6656K, reserved 1048576K
GC Heap History (20 events):
Event: 7.916 GC heap after
{Heap after GC invocations=222 (full 2):
 PSYoungGen      total 3584K, used 721K [0x00000000eab00000, 0x00000000eaf80000, 0x0000000100000000)
  eden space 2560K, 0% used [0x00000000eab00000,0x00000000eab00000,0x00000000ead80000)
  from space 1024K, 70% used [0x00000000eae80000,0x00000000eaf345d8,0x00000000eaf80000)
  to   space 1024K, 0% used [0x00000000ead80000,0x00000000ead80000,0x00000000eae80000)
 ParOldGen       total 280064K, used 279889K [0x00000000c0000000, 0x00000000d1180000, 0x00000000eab00000)
  object space 280064K, 99% used [0x00000000c0000000,0x00000000d11546a8,0x00000000d1180000)
 Metaspace       used 58061K, committed 59456K, reserved 1114112K
  class space    used 6057K, committed 6656K, reserved 1048576K
}
Event: 7.925 GC heap before
{Heap before GC invocations=223 (full 2):
 PSYoungGen      total 3584K, used 3281K [0x00000000eab00000, 0x00000000eaf80000, 0x0000000100000000)
  eden space 2560K, 100% used [0x00000000eab00000,0x00000000ead80000,0x00000000ead80000)
  from space 1024K, 70% used [0x00000000eae80000,0x00000000eaf345d8,0x00000000eaf80000)
  to   space 1024K, 0% used [0x00000000ead80000,0x00000000ead80000,0x00000000eae80000)
 ParOldGen       total 280064K, used 279889K [0x00000000c0000000, 0x00000000d1180000, 0x00000000eab00000)
  object space 280064K, 99% used [0x00000000c0000000,0x00000000d11546a8,0x00000000d1180000)
 Metaspace       used 58104K, committed 59520K, reserved 1114112K
  class space    used 6062K, committed 6656K, reserved 1048576K
}
Event: 7.926 GC heap after
{Heap after GC invocations=223 (full 2):
 PSYoungGen      total 3584K, used 695K [0x00000000eab00000, 0x00000000eaf80000, 0x0000000100000000)
  eden space 2560K, 0% used [0x00000000eab00000,0x00000000eab00000,0x00000000ead80000)
  from space 1024K, 67% used [0x00000000ead80000,0x00000000eae2def8,0x00000000eae80000)
  to   space 1024K, 0% used [0x00000000eae80000,0x00000000eae80000,0x00000000eaf80000)
 ParOldGen       total 280576K, used 280457K [0x00000000c0000000, 0x00000000d1200000, 0x00000000eab00000)
  object space 280576K, 99% used [0x00000000c0000000,0x00000000d11e2450,0x00000000d1200000)
 Metaspace       used 58104K, committed 59520K, reserved 1114112K
  class space    used 6062K, committed 6656K, reserved 1048576K
}
Event: 7.934 GC heap before
{Heap before GC invocations=224 (full 2):
 PSYoungGen      total 3584K, used 3255K [0x00000000eab00000, 0x00000000eaf80000, 0x0000000100000000)
  eden space 2560K, 100% used [0x00000000eab00000,0x00000000ead80000,0x00000000ead80000)
  from space 1024K, 67% used [0x00000000ead80000,0x00000000eae2def8,0x00000000eae80000)
  to   space 1024K, 0% used [0x00000000eae80000,0x00000000eae80000,0x00000000eaf80000)
 ParOldGen       total 280576K, used 280457K [0x00000000c0000000, 0x00000000d1200000, 0x00000000eab00000)
  object space 280576K, 99% used [0x00000000c0000000,0x00000000d11e2450,0x00000000d1200000)
 Metaspace       used 58122K, committed 59520K, reserved 1114112K
  class space    used 6064K, committed 6656K, reserved 1048576K
}
Event: 7.935 GC heap after
{Heap after GC invocations=224 (full 2):
 PSYoungGen      total 3584K, used 752K [0x00000000eab00000, 0x00000000eaf80000, 0x0000000100000000)
  eden space 2560K, 0% used [0x00000000eab00000,0x00000000eab00000,0x00000000ead80000)
  from space 1024K, 73% used [0x00000000eae80000,0x00000000eaf3c000,0x00000000eaf80000)
  to   space 1024K, 0% used [0x00000000ead80000,0x00000000ead80000,0x00000000eae80000)
 ParOldGen       total 281088K, used 281023K [0x00000000c0000000, 0x00000000d1280000, 0x00000000eab00000)
  object space 281088K, 99% used [0x00000000c0000000,0x00000000d126fc90,0x00000000d1280000)
 Metaspace       used 58122K, committed 59520K, reserved 1114112K
  class space    used 6064K, committed 6656K, reserved 1048576K
}
Event: 7.943 GC heap before
{Heap before GC invocations=225 (full 2):
 PSYoungGen      total 3584K, used 3312K [0x00000000eab00000, 0x00000000eaf80000, 0x0000000100000000)
  eden space 2560K, 100% used [0x00000000eab00000,0x00000000ead80000,0x00000000ead80000)
  from space 1024K, 73% used [0x00000000eae80000,0x00000000eaf3c000,0x00000000eaf80000)
  to   space 1024K, 0% used [0x00000000ead80000,0x00000000ead80000,0x00000000eae80000)
 ParOldGen       total 281088K, used 281023K [0x00000000c0000000, 0x00000000d1280000, 0x00000000eab00000)
  object space 281088K, 99% used [0x00000000c0000000,0x00000000d126fc90,0x00000000d1280000)
 Metaspace       used 58147K, committed 59520K, reserved 1114112K
  class space    used 6069K, committed 6656K, reserved 1048576K
}
Event: 7.944 GC heap after
{Heap after GC invocations=225 (full 2):
 PSYoungGen      total 3584K, used 725K [0x00000000eab00000, 0x00000000eaf80000, 0x0000000100000000)
  eden space 2560K, 0% used [0x00000000eab00000,0x00000000eab00000,0x00000000ead80000)
  from space 1024K, 70% used [0x00000000ead80000,0x00000000eae35480,0x00000000eae80000)
  to   space 1024K, 0% used [0x00000000eae80000,0x00000000eae80000,0x00000000eaf80000)
 ParOldGen       total 282112K, used 281605K [0x00000000c0000000, 0x00000000d1380000, 0x00000000eab00000)
  object space 282112K, 99% used [0x00000000c0000000,0x00000000d1301468,0x00000000d1380000)
 Metaspace       used 58147K, committed 59520K, reserved 1114112K
  class space    used 6069K, committed 6656K, reserved 1048576K
}
Event: 7.955 GC heap before
{Heap before GC invocations=226 (full 2):
 PSYoungGen      total 3584K, used 3285K [0x00000000eab00000, 0x00000000eaf80000, 0x0000000100000000)
  eden space 2560K, 100% used [0x00000000eab00000,0x00000000ead80000,0x00000000ead80000)
  from space 1024K, 70% used [0x00000000ead80000,0x00000000eae35480,0x00000000eae80000)
  to   space 1024K, 0% used [0x00000000eae80000,0x00000000eae80000,0x00000000eaf80000)
 ParOldGen       total 282112K, used 281605K [0x00000000c0000000, 0x00000000d1380000, 0x00000000eab00000)
  object space 282112K, 99% used [0x00000000c0000000,0x00000000d1301468,0x00000000d1380000)
 Metaspace       used 58163K, committed 59520K, reserved 1114112K
  class space    used 6072K, committed 6656K, reserved 1048576K
}
Event: 7.956 GC heap after
{Heap after GC invocations=226 (full 2):
 PSYoungGen      total 3584K, used 704K [0x00000000eab00000, 0x00000000eaf80000, 0x0000000100000000)
  eden space 2560K, 0% used [0x00000000eab00000,0x00000000eab00000,0x00000000ead80000)
  from space 1024K, 68% used [0x00000000eae80000,0x00000000eaf30050,0x00000000eaf80000)
  to   space 1024K, 0% used [0x00000000ead80000,0x00000000ead80000,0x00000000eae80000)
 ParOldGen       total 282624K, used 282201K [0x00000000c0000000, 0x00000000d1400000, 0x00000000eab00000)
  object space 282624K, 99% used [0x00000000c0000000,0x00000000d1396550,0x00000000d1400000)
 Metaspace       used 58163K, committed 59520K, reserved 1114112K
  class space    used 6072K, committed 6656K, reserved 1048576K
}
Event: 7.965 GC heap before
{Heap before GC invocations=227 (full 2):
 PSYoungGen      total 3584K, used 3264K [0x00000000eab00000, 0x00000000eaf80000, 0x0000000100000000)
  eden space 2560K, 99% used [0x00000000eab00000,0x00000000ead7fff8,0x00000000ead80000)
  from space 1024K, 68% used [0x00000000eae80000,0x00000000eaf30050,0x00000000eaf80000)
  to   space 1024K, 0% used [0x00000000ead80000,0x00000000ead80000,0x00000000eae80000)
 ParOldGen       total 282624K, used 282201K [0x00000000c0000000, 0x00000000d1400000, 0x00000000eab00000)
  object space 282624K, 99% used [0x00000000c0000000,0x00000000d1396550,0x00000000d1400000)
 Metaspace       used 58163K, committed 59520K, reserved 1114112K
  class space    used 6072K, committed 6656K, reserved 1048576K
}
Event: 7.967 GC heap after
{Heap after GC invocations=227 (full 2):
 PSYoungGen      total 3584K, used 826K [0x00000000eab00000, 0x00000000eaf80000, 0x0000000100000000)
  eden space 2560K, 0% used [0x00000000eab00000,0x00000000eab00000,0x00000000ead80000)
  from space 1024K, 80% used [0x00000000ead80000,0x00000000eae4e9b0,0x00000000eae80000)
  to   space 1024K, 0% used [0x00000000eae80000,0x00000000eae80000,0x00000000eaf80000)
 ParOldGen       total 283136K, used 282797K [0x00000000c0000000, 0x00000000d1480000, 0x00000000eab00000)
  object space 283136K, 99% used [0x00000000c0000000,0x00000000d142b428,0x00000000d1480000)
 Metaspace       used 58163K, committed 59520K, reserved 1114112K
  class space    used 6072K, committed 6656K, reserved 1048576K
}
Event: 7.975 GC heap before
{Heap before GC invocations=228 (full 2):
 PSYoungGen      total 3584K, used 3386K [0x00000000eab00000, 0x00000000eaf80000, 0x0000000100000000)
  eden space 2560K, 100% used [0x00000000eab00000,0x00000000ead80000,0x00000000ead80000)
  from space 1024K, 80% used [0x00000000ead80000,0x00000000eae4e9b0,0x00000000eae80000)
  to   space 1024K, 0% used [0x00000000eae80000,0x00000000eae80000,0x00000000eaf80000)
 ParOldGen       total 283136K, used 282797K [0x00000000c0000000, 0x00000000d1480000, 0x00000000eab00000)
  object space 283136K, 99% used [0x00000000c0000000,0x00000000d142b428,0x00000000d1480000)
 Metaspace       used 58163K, committed 59520K, reserved 1114112K
  class space    used 6072K, committed 6656K, reserved 1048576K
}
Event: 7.976 GC heap after
{Heap after GC invocations=228 (full 2):
 PSYoungGen      total 3584K, used 912K [0x00000000eab00000, 0x00000000eaf80000, 0x0000000100000000)
  eden space 2560K, 0% used [0x00000000eab00000,0x00000000eab00000,0x00000000ead80000)
  from space 1024K, 89% used [0x00000000eae80000,0x00000000eaf641b8,0x00000000eaf80000)
  to   space 1024K, 0% used [0x00000000ead80000,0x00000000ead80000,0x00000000eae80000)
 ParOldGen       total 283648K, used 283452K [0x00000000c0000000, 0x00000000d1500000, 0x00000000eab00000)
  object space 283648K, 99% used [0x00000000c0000000,0x00000000d14cf120,0x00000000d1500000)
 Metaspace       used 58163K, committed 59520K, reserved 1114112K
  class space    used 6072K, committed 6656K, reserved 1048576K
}
Event: 7.994 GC heap before
{Heap before GC invocations=229 (full 2):
 PSYoungGen      total 3584K, used 3472K [0x00000000eab00000, 0x00000000eaf80000, 0x0000000100000000)
  eden space 2560K, 100% used [0x00000000eab00000,0x00000000ead80000,0x00000000ead80000)
  from space 1024K, 89% used [0x00000000eae80000,0x00000000eaf641b8,0x00000000eaf80000)
  to   space 1024K, 0% used [0x00000000ead80000,0x00000000ead80000,0x00000000eae80000)
 ParOldGen       total 283648K, used 283452K [0x00000000c0000000, 0x00000000d1500000, 0x00000000eab00000)
  object space 283648K, 99% used [0x00000000c0000000,0x00000000d14cf120,0x00000000d1500000)
 Metaspace       used 58163K, committed 59520K, reserved 1114112K
  class space    used 6072K, committed 6656K, reserved 1048576K
}
Event: 7.997 GC heap after
{Heap after GC invocations=229 (full 2):
 PSYoungGen      total 3584K, used 832K [0x00000000eab00000, 0x00000000eaf80000, 0x0000000100000000)
  eden space 2560K, 0% used [0x00000000eab00000,0x00000000eab00000,0x00000000ead80000)
  from space 1024K, 81% used [0x00000000ead80000,0x00000000eae50000,0x00000000eae80000)
  to   space 1024K, 0% used [0x00000000eae80000,0x00000000eae80000,0x00000000eaf80000)
 ParOldGen       total 284672K, used 284227K [0x00000000c0000000, 0x00000000d1600000, 0x00000000eab00000)
  object space 284672K, 99% used [0x00000000c0000000,0x00000000d1590d98,0x00000000d1600000)
 Metaspace       used 58163K, committed 59520K, reserved 1114112K
  class space    used 6072K, committed 6656K, reserved 1048576K
}
Event: 8.015 GC heap before
{Heap before GC invocations=230 (full 2):
 PSYoungGen      total 3584K, used 3392K [0x00000000eab00000, 0x00000000eaf80000, 0x0000000100000000)
  eden space 2560K, 100% used [0x00000000eab00000,0x00000000ead80000,0x00000000ead80000)
  from space 1024K, 81% used [0x00000000ead80000,0x00000000eae50000,0x00000000eae80000)
  to   space 1024K, 0% used [0x00000000eae80000,0x00000000eae80000,0x00000000eaf80000)
 ParOldGen       total 284672K, used 284227K [0x00000000c0000000, 0x00000000d1600000, 0x00000000eab00000)
  object space 284672K, 99% used [0x00000000c0000000,0x00000000d1590d98,0x00000000d1600000)
 Metaspace       used 58163K, committed 59520K, reserved 1114112K
  class space    used 6072K, committed 6656K, reserved 1048576K
}
Event: 8.017 GC heap after
{Heap after GC invocations=230 (full 2):
 PSYoungGen      total 3584K, used 800K [0x00000000eab00000, 0x00000000eaf80000, 0x0000000100000000)
  eden space 2560K, 0% used [0x00000000eab00000,0x00000000eab00000,0x00000000ead80000)
  from space 1024K, 78% used [0x00000000eae80000,0x00000000eaf48000,0x00000000eaf80000)
  to   space 1024K, 0% used [0x00000000ead80000,0x00000000ead80000,0x00000000eae80000)
 ParOldGen       total 285184K, used 284941K [0x00000000c0000000, 0x00000000d1680000, 0x00000000eab00000)
  object space 285184K, 99% used [0x00000000c0000000,0x00000000d1643728,0x00000000d1680000)
 Metaspace       used 58163K, committed 59520K, reserved 1114112K
  class space    used 6072K, committed 6656K, reserved 1048576K
}
Event: 8.031 GC heap before
{Heap before GC invocations=231 (full 2):
 PSYoungGen      total 3584K, used 3360K [0x00000000eab00000, 0x00000000eaf80000, 0x0000000100000000)
  eden space 2560K, 100% used [0x00000000eab00000,0x00000000ead80000,0x00000000ead80000)
  from space 1024K, 78% used [0x00000000eae80000,0x00000000eaf48000,0x00000000eaf80000)
  to   space 1024K, 0% used [0x00000000ead80000,0x00000000ead80000,0x00000000eae80000)
 ParOldGen       total 285184K, used 284941K [0x00000000c0000000, 0x00000000d1680000, 0x00000000eab00000)
  object space 285184K, 99% used [0x00000000c0000000,0x00000000d1643728,0x00000000d1680000)
 Metaspace       used 58163K, committed 59520K, reserved 1114112K
  class space    used 6072K, committed 6656K, reserved 1048576K
}
Event: 8.032 GC heap after
{Heap after GC invocations=231 (full 2):
 PSYoungGen      total 3584K, used 743K [0x00000000eab00000, 0x00000000eaf80000, 0x0000000100000000)
  eden space 2560K, 0% used [0x00000000eab00000,0x00000000eab00000,0x00000000ead80000)
  from space 1024K, 72% used [0x00000000ead80000,0x00000000eae39f50,0x00000000eae80000)
  to   space 1024K, 0% used [0x00000000eae80000,0x00000000eae80000,0x00000000eaf80000)
 ParOldGen       total 285696K, used 285643K [0x00000000c0000000, 0x00000000d1700000, 0x00000000eab00000)
  object space 285696K, 99% used [0x00000000c0000000,0x00000000d16f2ea0,0x00000000d1700000)
 Metaspace       used 58163K, committed 59520K, reserved 1114112K
  class space    used 6072K, committed 6656K, reserved 1048576K
}
Event: 8.041 GC heap before
{Heap before GC invocations=232 (full 2):
 PSYoungGen      total 3584K, used 3303K [0x00000000eab00000, 0x00000000eaf80000, 0x0000000100000000)
  eden space 2560K, 100% used [0x00000000eab00000,0x00000000ead80000,0x00000000ead80000)
  from space 1024K, 72% used [0x00000000ead80000,0x00000000eae39f50,0x00000000eae80000)
  to   space 1024K, 0% used [0x00000000eae80000,0x00000000eae80000,0x00000000eaf80000)
 ParOldGen       total 285696K, used 285643K [0x00000000c0000000, 0x00000000d1700000, 0x00000000eab00000)
  object space 285696K, 99% used [0x00000000c0000000,0x00000000d16f2ea0,0x00000000d1700000)
 Metaspace       used 58163K, committed 59520K, reserved 1114112K
  class space    used 6072K, committed 6656K, reserved 1048576K
}

