# JRE version: OpenJDK Runtime Environment Temurin-21.0.6+7 (21.0.6+7) (build 21.0.6+7-LTS)
# Java VM: OpenJDK 64-Bit Server VM Temurin-21.0.6+7 (21.0.6+7-LTS, mixed mode, sharing, tiered, compressed oops, compressed class ptrs, parallel gc, windows-amd64)
GC Precious Log:
 CardTable entry size: 512
 CPUs: 12 total, 12 available
 Memory: 16321M
 Large Page Support: Disabled
 NUMA Support: Disabled
 Compressed Oops: Enabled (32-bit)
 Alignments: Space 512K, Generation 512K, Heap 2M
 Heap Min Capacity: 100M
 Heap Initial Capacity: 100M
 Heap Max Capacity: 1G
 Pre-touch: Disabled
 Parallel Workers: 10
Heap:
 PSYoungGen      total 3072K, used 2337K [0x00000000eab00000, 0x00000000eaf00000, 0x0000000100000000)
  eden space 2048K, 82% used [0x00000000eab00000,0x00000000eaca88a0,0x00000000ead00000)
  from space 1024K, 65% used [0x00000000ead00000,0x00000000eada8c58,0x00000000eae00000)
  to   space 1024K, 0% used [0x00000000eae00000,0x00000000eae00000,0x00000000eaf00000)
 ParOldGen       total 243712K, used 227297K [0x00000000c0000000, 0x00000000cee00000, 0x00000000eab00000)
  object space 243712K, 93% used [0x00000000c0000000,0x00000000cddf8670,0x00000000cee00000)
 Metaspace       used 60276K, committed 61696K, reserved 1114112K
  class space    used 6318K, committed 6912K, reserved 1048576K
GC Heap History (20 events):
Event: 9.109 GC heap after
{Heap after GC invocations=197 (full 3):
 PSYoungGen      total 4096K, used 1011K [0x00000000eab00000, 0x00000000eb300000, 0x0000000100000000)
  eden space 3072K, 0% used [0x00000000eab00000,0x00000000eab00000,0x00000000eae00000)
  from space 1024K, 98% used [0x00000000eb000000,0x00000000eb0fcd78,0x00000000eb100000)
  to   space 2048K, 0% used [0x00000000eae00000,0x00000000eae00000,0x00000000eb000000)
 ParOldGen       total 243712K, used 218482K [0x00000000c0000000, 0x00000000cee00000, 0x00000000eab00000)
  object space 243712K, 89% used [0x00000000c0000000,0x00000000cd55cbf8,0x00000000cee00000)
 Metaspace       used 59906K, committed 61248K, reserved 1114112K
  class space    used 6277K, committed 6848K, reserved 1048576K
}
Event: 9.116 GC heap before
{Heap before GC invocations=198 (full 3):
 PSYoungGen      total 4096K, used 4083K [0x00000000eab00000, 0x00000000eb300000, 0x0000000100000000)
  eden space 3072K, 100% used [0x00000000eab00000,0x00000000eae00000,0x00000000eae00000)
  from space 1024K, 98% used [0x00000000eb000000,0x00000000eb0fcd78,0x00000000eb100000)
  to   space 2048K, 0% used [0x00000000eae00000,0x00000000eae00000,0x00000000eb000000)
 ParOldGen       total 243712K, used 218482K [0x00000000c0000000, 0x00000000cee00000, 0x00000000eab00000)
  object space 243712K, 89% used [0x00000000c0000000,0x00000000cd55cbf8,0x00000000cee00000)
 Metaspace       used 59906K, committed 61248K, reserved 1114112K
  class space    used 6277K, committed 6848K, reserved 1048576K
}
Event: 9.118 GC heap after
{Heap after GC invocations=198 (full 3):
 PSYoungGen      total 4096K, used 854K [0x00000000eab00000, 0x00000000eb100000, 0x0000000100000000)
  eden space 3072K, 0% used [0x00000000eab00000,0x00000000eab00000,0x00000000eae00000)
  from space 1024K, 83% used [0x00000000eae00000,0x00000000eaed5be0,0x00000000eaf00000)
  to   space 1536K, 0% used [0x00000000eaf80000,0x00000000eaf80000,0x00000000eb100000)
 ParOldGen       total 243712K, used 219296K [0x00000000c0000000, 0x00000000cee00000, 0x00000000eab00000)
  object space 243712K, 89% used [0x00000000c0000000,0x00000000cd6280c0,0x00000000cee00000)
 Metaspace       used 59906K, committed 61248K, reserved 1114112K
  class space    used 6277K, committed 6848K, reserved 1048576K
}
Event: 9.126 GC heap before
{Heap before GC invocations=199 (full 3):
 PSYoungGen      total 4096K, used 3926K [0x00000000eab00000, 0x00000000eb100000, 0x0000000100000000)
  eden space 3072K, 100% used [0x00000000eab00000,0x00000000eae00000,0x00000000eae00000)
  from space 1024K, 83% used [0x00000000eae00000,0x00000000eaed5be0,0x00000000eaf00000)
  to   space 1536K, 0% used [0x00000000eaf80000,0x00000000eaf80000,0x00000000eb100000)
 ParOldGen       total 243712K, used 219296K [0x00000000c0000000, 0x00000000cee00000, 0x00000000eab00000)
  object space 243712K, 89% used [0x00000000c0000000,0x00000000cd6280c0,0x00000000cee00000)
 Metaspace       used 59906K, committed 61248K, reserved 1114112K
  class space    used 6277K, committed 6848K, reserved 1048576K
}
Event: 9.128 GC heap after
{Heap after GC invocations=199 (full 3):
 PSYoungGen      total 4096K, used 800K [0x00000000eab00000, 0x00000000eb080000, 0x0000000100000000)
  eden space 3072K, 0% used [0x00000000eab00000,0x00000000eab00000,0x00000000eae00000)
  from space 1024K, 78% used [0x00000000eaf80000,0x00000000eb048000,0x00000000eb080000)
  to   space 1024K, 0% used [0x00000000eae00000,0x00000000eae00000,0x00000000eaf00000)
 ParOldGen       total 243712K, used 219996K [0x00000000c0000000, 0x00000000cee00000, 0x00000000eab00000)
  object space 243712K, 90% used [0x00000000c0000000,0x00000000cd6d70f0,0x00000000cee00000)
 Metaspace       used 59906K, committed 61248K, reserved 1114112K
  class space    used 6277K, committed 6848K, reserved 1048576K
}
Event: 9.137 GC heap before
{Heap before GC invocations=200 (full 3):
 PSYoungGen      total 4096K, used 3872K [0x00000000eab00000, 0x00000000eb080000, 0x0000000100000000)
  eden space 3072K, 100% used [0x00000000eab00000,0x00000000eae00000,0x00000000eae00000)
  from space 1024K, 78% used [0x00000000eaf80000,0x00000000eb048000,0x00000000eb080000)
  to   space 1024K, 0% used [0x00000000eae00000,0x00000000eae00000,0x00000000eaf00000)
 ParOldGen       total 243712K, used 219996K [0x00000000c0000000, 0x00000000cee00000, 0x00000000eab00000)
  object space 243712K, 90% used [0x00000000c0000000,0x00000000cd6d70f0,0x00000000cee00000)
 Metaspace       used 59941K, committed 61312K, reserved 1114112K
  class space    used 6279K, committed 6848K, reserved 1048576K
}
Event: 9.138 GC heap after
{Heap after GC invocations=200 (full 3):
 PSYoungGen      total 4096K, used 721K [0x00000000eab00000, 0x00000000eb000000, 0x0000000100000000)
  eden space 3072K, 0% used [0x00000000eab00000,0x00000000eab00000,0x00000000eae00000)
  from space 1024K, 70% used [0x00000000eae00000,0x00000000eaeb46c8,0x00000000eaf00000)
  to   space 1024K, 0% used [0x00000000eaf00000,0x00000000eaf00000,0x00000000eb000000)
 ParOldGen       total 243712K, used 220643K [0x00000000c0000000, 0x00000000cee00000, 0x00000000eab00000)
  object space 243712K, 90% used [0x00000000c0000000,0x00000000cd778d50,0x00000000cee00000)
 Metaspace       used 59941K, committed 61312K, reserved 1114112K
  class space    used 6279K, committed 6848K, reserved 1048576K
}
Event: 9.147 GC heap before
{Heap before GC invocations=201 (full 3):
 PSYoungGen      total 4096K, used 3793K [0x00000000eab00000, 0x00000000eb000000, 0x0000000100000000)
  eden space 3072K, 100% used [0x00000000eab00000,0x00000000eae00000,0x00000000eae00000)
  from space 1024K, 70% used [0x00000000eae00000,0x00000000eaeb46c8,0x00000000eaf00000)
  to   space 1024K, 0% used [0x00000000eaf00000,0x00000000eaf00000,0x00000000eb000000)
 ParOldGen       total 243712K, used 220643K [0x00000000c0000000, 0x00000000cee00000, 0x00000000eab00000)
  object space 243712K, 90% used [0x00000000c0000000,0x00000000cd778d50,0x00000000cee00000)
 Metaspace       used 59941K, committed 61312K, reserved 1114112K
  class space    used 6279K, committed 6848K, reserved 1048576K
}
Event: 9.148 GC heap after
{Heap after GC invocations=201 (full 3):
 PSYoungGen      total 4096K, used 805K [0x00000000eab00000, 0x00000000eb000000, 0x0000000100000000)
  eden space 3072K, 0% used [0x00000000eab00000,0x00000000eab00000,0x00000000eae00000)
  from space 1024K, 78% used [0x00000000eaf00000,0x00000000eafc9658,0x00000000eb000000)
  to   space 1024K, 0% used [0x00000000eae00000,0x00000000eae00000,0x00000000eaf00000)
 ParOldGen       total 243712K, used 221229K [0x00000000c0000000, 0x00000000cee00000, 0x00000000eab00000)
  object space 243712K, 90% used [0x00000000c0000000,0x00000000cd80b630,0x00000000cee00000)
 Metaspace       used 59941K, committed 61312K, reserved 1114112K
  class space    used 6279K, committed 6848K, reserved 1048576K
}
Event: 9.158 GC heap before
{Heap before GC invocations=202 (full 3):
 PSYoungGen      total 4096K, used 3877K [0x00000000eab00000, 0x00000000eb000000, 0x0000000100000000)
  eden space 3072K, 100% used [0x00000000eab00000,0x00000000eae00000,0x00000000eae00000)
  from space 1024K, 78% used [0x00000000eaf00000,0x00000000eafc9658,0x00000000eb000000)
  to   space 1024K, 0% used [0x00000000eae00000,0x00000000eae00000,0x00000000eaf00000)
 ParOldGen       total 243712K, used 221229K [0x00000000c0000000, 0x00000000cee00000, 0x00000000eab00000)
  object space 243712K, 90% used [0x00000000c0000000,0x00000000cd80b630,0x00000000cee00000)
 Metaspace       used 59957K, committed 61312K, reserved 1114112K
  class space    used 6279K, committed 6848K, reserved 1048576K
}
Event: 9.159 GC heap after
{Heap after GC invocations=202 (full 3):
 PSYoungGen      total 4096K, used 856K [0x00000000eab00000, 0x00000000eb000000, 0x0000000100000000)
  eden space 3072K, 0% used [0x00000000eab00000,0x00000000eab00000,0x00000000eae00000)
  from space 1024K, 83% used [0x00000000eae00000,0x00000000eaed6260,0x00000000eaf00000)
  to   space 1024K, 0% used [0x00000000eaf00000,0x00000000eaf00000,0x00000000eb000000)
 ParOldGen       total 243712K, used 221901K [0x00000000c0000000, 0x00000000cee00000, 0x00000000eab00000)
  object space 243712K, 91% used [0x00000000c0000000,0x00000000cd8b3720,0x00000000cee00000)
 Metaspace       used 59957K, committed 61312K, reserved 1114112K
  class space    used 6279K, committed 6848K, reserved 1048576K
}
Event: 9.167 GC heap before
{Heap before GC invocations=203 (full 3):
 PSYoungGen      total 4096K, used 3928K [0x00000000eab00000, 0x00000000eb000000, 0x0000000100000000)
  eden space 3072K, 100% used [0x00000000eab00000,0x00000000eae00000,0x00000000eae00000)
  from space 1024K, 83% used [0x00000000eae00000,0x00000000eaed6260,0x00000000eaf00000)
  to   space 1024K, 0% used [0x00000000eaf00000,0x00000000eaf00000,0x00000000eb000000)
 ParOldGen       total 243712K, used 221901K [0x00000000c0000000, 0x00000000cee00000, 0x00000000eab00000)
  object space 243712K, 91% used [0x00000000c0000000,0x00000000cd8b3720,0x00000000cee00000)
 Metaspace       used 59978K, committed 61376K, reserved 1114112K
  class space    used 6281K, committed 6848K, reserved 1048576K
}
Event: 9.169 GC heap after
{Heap after GC invocations=203 (full 3):
 PSYoungGen      total 4096K, used 855K [0x00000000eab00000, 0x00000000eb000000, 0x0000000100000000)
  eden space 3072K, 0% used [0x00000000eab00000,0x00000000eab00000,0x00000000eae00000)
  from space 1024K, 83% used [0x00000000eaf00000,0x00000000eafd5ef8,0x00000000eb000000)
  to   space 1024K, 0% used [0x00000000eae00000,0x00000000eae00000,0x00000000eaf00000)
 ParOldGen       total 243712K, used 222638K [0x00000000c0000000, 0x00000000cee00000, 0x00000000eab00000)
  object space 243712K, 91% used [0x00000000c0000000,0x00000000cd96b980,0x00000000cee00000)
 Metaspace       used 59978K, committed 61376K, reserved 1114112K
  class space    used 6281K, committed 6848K, reserved 1048576K
}
Event: 9.178 GC heap before
{Heap before GC invocations=204 (full 3):
 PSYoungGen      total 4096K, used 3927K [0x00000000eab00000, 0x00000000eb000000, 0x0000000100000000)
  eden space 3072K, 100% used [0x00000000eab00000,0x00000000eae00000,0x00000000eae00000)
  from space 1024K, 83% used [0x00000000eaf00000,0x00000000eafd5ef8,0x00000000eb000000)
  to   space 1024K, 0% used [0x00000000eae00000,0x00000000eae00000,0x00000000eaf00000)
 ParOldGen       total 243712K, used 222638K [0x00000000c0000000, 0x00000000cee00000, 0x00000000eab00000)
  object space 243712K, 91% used [0x00000000c0000000,0x00000000cd96b980,0x00000000cee00000)
 Metaspace       used 60004K, committed 61376K, reserved 1114112K
  class space    used 6283K, committed 6848K, reserved 1048576K
}
Event: 9.179 GC heap after
{Heap after GC invocations=204 (full 3):
 PSYoungGen      total 4096K, used 863K [0x00000000eab00000, 0x00000000eb000000, 0x0000000100000000)
  eden space 3072K, 0% used [0x00000000eab00000,0x00000000eab00000,0x00000000eae00000)
  from space 1024K, 84% used [0x00000000eae00000,0x00000000eaed7d98,0x00000000eaf00000)
  to   space 1024K, 0% used [0x00000000eaf00000,0x00000000eaf00000,0x00000000eb000000)
 ParOldGen       total 243712K, used 223337K [0x00000000c0000000, 0x00000000cee00000, 0x00000000eab00000)
  object space 243712K, 91% used [0x00000000c0000000,0x00000000cda1a618,0x00000000cee00000)
 Metaspace       used 60004K, committed 61376K, reserved 1114112K
  class space    used 6283K, committed 6848K, reserved 1048576K
}
Event: 9.189 GC heap before
{Heap before GC invocations=205 (full 3):
 PSYoungGen      total 4096K, used 3935K [0x00000000eab00000, 0x00000000eb000000, 0x0000000100000000)
  eden space 3072K, 100% used [0x00000000eab00000,0x00000000eae00000,0x00000000eae00000)
  from space 1024K, 84% used [0x00000000eae00000,0x00000000eaed7d98,0x00000000eaf00000)
  to   space 1024K, 0% used [0x00000000eaf00000,0x00000000eaf00000,0x00000000eb000000)
 ParOldGen       total 243712K, used 223337K [0x00000000c0000000, 0x00000000cee00000, 0x00000000eab00000)
  object space 243712K, 91% used [0x00000000c0000000,0x00000000cda1a618,0x00000000cee00000)
 Metaspace       used 60046K, committed 61440K, reserved 1114112K
  class space    used 6286K, committed 6848K, reserved 1048576K
}
Event: 9.190 GC heap after
{Heap after GC invocations=205 (full 3):
 PSYoungGen      total 4096K, used 866K [0x00000000eab00000, 0x00000000eb000000, 0x0000000100000000)
  eden space 3072K, 0% used [0x00000000eab00000,0x00000000eab00000,0x00000000eae00000)
  from space 1024K, 84% used [0x00000000eaf00000,0x00000000eafd88e0,0x00000000eb000000)
  to   space 1024K, 0% used [0x00000000eae00000,0x00000000eae00000,0x00000000eaf00000)
 ParOldGen       total 243712K, used 224065K [0x00000000c0000000, 0x00000000cee00000, 0x00000000eab00000)
  object space 243712K, 91% used [0x00000000c0000000,0x00000000cdad04e0,0x00000000cee00000)
 Metaspace       used 60046K, committed 61440K, reserved 1114112K
  class space    used 6286K, committed 6848K, reserved 1048576K
}
Event: 9.199 GC heap before
{Heap before GC invocations=206 (full 3):
 PSYoungGen      total 4096K, used 3938K [0x00000000eab00000, 0x00000000eb000000, 0x0000000100000000)
  eden space 3072K, 100% used [0x00000000eab00000,0x00000000eae00000,0x00000000eae00000)
  from space 1024K, 84% used [0x00000000eaf00000,0x00000000eafd88e0,0x00000000eb000000)
  to   space 1024K, 0% used [0x00000000eae00000,0x00000000eae00000,0x00000000eaf00000)
 ParOldGen       total 243712K, used 224065K [0x00000000c0000000, 0x00000000cee00000, 0x00000000eab00000)
  object space 243712K, 91% used [0x00000000c0000000,0x00000000cdad04e0,0x00000000cee00000)
 Metaspace       used 60131K, committed 61504K, reserved 1114112K
  class space    used 6295K, committed 6848K, reserved 1048576K
}
Event: 9.201 GC heap after
{Heap after GC invocations=206 (full 3):
 PSYoungGen      total 4096K, used 768K [0x00000000eab00000, 0x00000000eb000000, 0x0000000100000000)
  eden space 3072K, 0% used [0x00000000eab00000,0x00000000eab00000,0x00000000eae00000)
  from space 1024K, 75% used [0x00000000eae00000,0x00000000eaec0050,0x00000000eaf00000)
  to   space 1024K, 0% used [0x00000000eaf00000,0x00000000eaf00000,0x00000000eb000000)
 ParOldGen       total 243712K, used 224756K [0x00000000c0000000, 0x00000000cee00000, 0x00000000eab00000)
  object space 243712K, 92% used [0x00000000c0000000,0x00000000cdb7d2c0,0x00000000cee00000)
 Metaspace       used 60131K, committed 61504K, reserved 1114112K
  class space    used 6295K, committed 6848K, reserved 1048576K
}
Event: 9.210 GC heap before
{Heap before GC invocations=207 (full 3):
 PSYoungGen      total 4096K, used 3840K [0x00000000eab00000, 0x00000000eb000000, 0x0000000100000000)
  eden space 3072K, 100% used [0x00000000eab00000,0x00000000eae00000,0x00000000eae00000)
  from space 1024K, 75% used [0x00000000eae00000,0x00000000eaec0050,0x00000000eaf00000)
  to   space 1024K, 0% used [0x00000000eaf00000,0x00000000eaf00000,0x00000000eb000000)
 ParOldGen       total 243712K, used 224756K [0x00000000c0000000, 0x00000000cee00000, 0x00000000eab00000)
  object space 243712K, 92% used [0x00000000c0000000,0x00000000cdb7d2c0,0x00000000cee00000)
 Metaspace       used 60132K, committed 61504K, reserved 1114112K
  class space    used 6295K, committed 6848K, reserved 1048576K
}

